{"C:\\Users\\eyobt\\Documents\\CSE341\\ek-salon-api\\controllers\\appointmentsController.js": {"path":"C:\\Users\\eyobt\\Documents\\CSE341\\ek-salon-api\\controllers\\appointmentsController.js","statementMap":{"0":{"start":{"line":1,"column":18},"end":{"line":1,"column":41}},"1":{"start":{"line":2,"column":21},"end":{"line":2,"column":39}},"2":{"start":{"line":3,"column":29},"end":{"line":3,"column":57}},"3":{"start":{"line":6,"column":27},"end":{"line":14,"column":1}},"4":{"start":{"line":7,"column":2},"end":{"line":13,"column":3}},"5":{"start":{"line":8,"column":15},"end":{"line":8,"column":32}},"6":{"start":{"line":9,"column":25},"end":{"line":9,"column":77}},"7":{"start":{"line":10,"column":4},"end":{"line":10,"column":39}},"8":{"start":{"line":12,"column":4},"end":{"line":12,"column":91}},"9":{"start":{"line":17,"column":27},"end":{"line":30,"column":1}},"10":{"start":{"line":18,"column":2},"end":{"line":29,"column":3}},"11":{"start":{"line":19,"column":15},"end":{"line":19,"column":32}},"12":{"start":{"line":20,"column":24},"end":{"line":20,"column":105}},"13":{"start":{"line":22,"column":4},"end":{"line":24,"column":5}},"14":{"start":{"line":23,"column":6},"end":{"line":23,"column":72}},"15":{"start":{"line":26,"column":4},"end":{"line":26,"column":38}},"16":{"start":{"line":28,"column":4},"end":{"line":28,"column":90}},"17":{"start":{"line":33,"column":26},"end":{"line":53,"column":1}},"18":{"start":{"line":34,"column":17},"end":{"line":34,"column":38}},"19":{"start":{"line":35,"column":2},"end":{"line":37,"column":3}},"20":{"start":{"line":36,"column":4},"end":{"line":36,"column":60}},"21":{"start":{"line":39,"column":2},"end":{"line":52,"column":3}},"22":{"start":{"line":40,"column":15},"end":{"line":40,"column":32}},"23":{"start":{"line":41,"column":27},"end":{"line":46,"column":5}},"24":{"start":{"line":48,"column":19},"end":{"line":48,"column":80}},"25":{"start":{"line":49,"column":4},"end":{"line":49,"column":97}},"26":{"start":{"line":51,"column":4},"end":{"line":51,"column":90}},"27":{"start":{"line":56,"column":26},"end":{"line":82,"column":1}},"28":{"start":{"line":57,"column":17},"end":{"line":57,"column":38}},"29":{"start":{"line":58,"column":2},"end":{"line":60,"column":3}},"30":{"start":{"line":59,"column":4},"end":{"line":59,"column":60}},"31":{"start":{"line":62,"column":2},"end":{"line":81,"column":3}},"32":{"start":{"line":63,"column":15},"end":{"line":63,"column":32}},"33":{"start":{"line":64,"column":24},"end":{"line":67,"column":5}},"34":{"start":{"line":69,"column":19},"end":{"line":72,"column":5}},"35":{"start":{"line":74,"column":4},"end":{"line":76,"column":5}},"36":{"start":{"line":75,"column":6},"end":{"line":75,"column":72}},"37":{"start":{"line":78,"column":4},"end":{"line":78,"column":74}},"38":{"start":{"line":80,"column":4},"end":{"line":80,"column":90}},"39":{"start":{"line":85,"column":26},"end":{"line":98,"column":1}},"40":{"start":{"line":86,"column":2},"end":{"line":97,"column":3}},"41":{"start":{"line":87,"column":15},"end":{"line":87,"column":32}},"42":{"start":{"line":88,"column":19},"end":{"line":88,"column":102}},"43":{"start":{"line":90,"column":4},"end":{"line":92,"column":5}},"44":{"start":{"line":91,"column":6},"end":{"line":91,"column":72}},"45":{"start":{"line":94,"column":4},"end":{"line":94,"column":74}},"46":{"start":{"line":96,"column":4},"end":{"line":96,"column":90}},"47":{"start":{"line":100,"column":0},"end":{"line":106,"column":2}}},"fnMap":{"0":{"name":"(anonymous_0)","decl":{"start":{"line":6,"column":27},"end":{"line":6,"column":28}},"loc":{"start":{"line":6,"column":47},"end":{"line":14,"column":1}},"line":6},"1":{"name":"(anonymous_1)","decl":{"start":{"line":17,"column":27},"end":{"line":17,"column":28}},"loc":{"start":{"line":17,"column":47},"end":{"line":30,"column":1}},"line":17},"2":{"name":"(anonymous_2)","decl":{"start":{"line":33,"column":26},"end":{"line":33,"column":27}},"loc":{"start":{"line":33,"column":46},"end":{"line":53,"column":1}},"line":33},"3":{"name":"(anonymous_3)","decl":{"start":{"line":56,"column":26},"end":{"line":56,"column":27}},"loc":{"start":{"line":56,"column":46},"end":{"line":82,"column":1}},"line":56},"4":{"name":"(anonymous_4)","decl":{"start":{"line":85,"column":26},"end":{"line":85,"column":27}},"loc":{"start":{"line":85,"column":46},"end":{"line":98,"column":1}},"line":85}},"branchMap":{"0":{"loc":{"start":{"line":22,"column":4},"end":{"line":24,"column":5}},"type":"if","locations":[{"start":{"line":22,"column":4},"end":{"line":24,"column":5}},{"start":{},"end":{}}],"line":22},"1":{"loc":{"start":{"line":35,"column":2},"end":{"line":37,"column":3}},"type":"if","locations":[{"start":{"line":35,"column":2},"end":{"line":37,"column":3}},{"start":{},"end":{}}],"line":35},"2":{"loc":{"start":{"line":43,"column":14},"end":{"line":43,"column":44}},"type":"binary-expr","locations":[{"start":{"line":43,"column":14},"end":{"line":43,"column":29}},{"start":{"line":43,"column":33},"end":{"line":43,"column":44}}],"line":43},"3":{"loc":{"start":{"line":58,"column":2},"end":{"line":60,"column":3}},"type":"if","locations":[{"start":{"line":58,"column":2},"end":{"line":60,"column":3}},{"start":{},"end":{}}],"line":58},"4":{"loc":{"start":{"line":74,"column":4},"end":{"line":76,"column":5}},"type":"if","locations":[{"start":{"line":74,"column":4},"end":{"line":76,"column":5}},{"start":{},"end":{}}],"line":74},"5":{"loc":{"start":{"line":90,"column":4},"end":{"line":92,"column":5}},"type":"if","locations":[{"start":{"line":90,"column":4},"end":{"line":92,"column":5}},{"start":{},"end":{}}],"line":90}},"s":{"0":1,"1":1,"2":1,"3":1,"4":1,"5":1,"6":1,"7":1,"8":0,"9":1,"10":1,"11":1,"12":1,"13":1,"14":1,"15":0,"16":0,"17":1,"18":0,"19":0,"20":0,"21":0,"22":0,"23":0,"24":0,"25":0,"26":0,"27":1,"28":0,"29":0,"30":0,"31":0,"32":0,"33":0,"34":0,"35":0,"36":0,"37":0,"38":0,"39":1,"40":0,"41":0,"42":0,"43":0,"44":0,"45":0,"46":0,"47":1},"f":{"0":1,"1":1,"2":0,"3":0,"4":0},"b":{"0":[1,0],"1":[0,0],"2":[0,0],"3":[0,0],"4":[0,0],"5":[0,0]},"_coverageSchema":"1a1c01bbd47fc00a2c39e90264f33305004495a9","hash":"32802be9e489c80314c3a3045f449672e4d01cef"}
,"C:\\Users\\eyobt\\Documents\\CSE341\\ek-salon-api\\controllers\\barbersController.js": {"path":"C:\\Users\\eyobt\\Documents\\CSE341\\ek-salon-api\\controllers\\barbersController.js","statementMap":{"0":{"start":{"line":1,"column":18},"end":{"line":1,"column":41}},"1":{"start":{"line":2,"column":21},"end":{"line":2,"column":39}},"2":{"start":{"line":3,"column":29},"end":{"line":3,"column":57}},"3":{"start":{"line":6,"column":22},"end":{"line":18,"column":1}},"4":{"start":{"line":7,"column":2},"end":{"line":17,"column":3}},"5":{"start":{"line":8,"column":4},"end":{"line":8,"column":40}},"6":{"start":{"line":9,"column":15},"end":{"line":9,"column":32}},"7":{"start":{"line":10,"column":4},"end":{"line":10,"column":53}},"8":{"start":{"line":11,"column":20},"end":{"line":11,"column":67}},"9":{"start":{"line":12,"column":4},"end":{"line":12,"column":52}},"10":{"start":{"line":13,"column":4},"end":{"line":13,"column":34}},"11":{"start":{"line":15,"column":4},"end":{"line":15,"column":52}},"12":{"start":{"line":16,"column":4},"end":{"line":16,"column":86}},"13":{"start":{"line":21,"column":22},"end":{"line":34,"column":1}},"14":{"start":{"line":22,"column":2},"end":{"line":33,"column":3}},"15":{"start":{"line":23,"column":15},"end":{"line":23,"column":32}},"16":{"start":{"line":24,"column":19},"end":{"line":24,"column":95}},"17":{"start":{"line":26,"column":4},"end":{"line":28,"column":5}},"18":{"start":{"line":27,"column":6},"end":{"line":27,"column":67}},"19":{"start":{"line":30,"column":4},"end":{"line":30,"column":33}},"20":{"start":{"line":32,"column":4},"end":{"line":32,"column":85}},"21":{"start":{"line":37,"column":21},"end":{"line":57,"column":1}},"22":{"start":{"line":38,"column":17},"end":{"line":38,"column":38}},"23":{"start":{"line":39,"column":2},"end":{"line":41,"column":3}},"24":{"start":{"line":40,"column":4},"end":{"line":40,"column":60}},"25":{"start":{"line":43,"column":2},"end":{"line":56,"column":3}},"26":{"start":{"line":44,"column":15},"end":{"line":44,"column":32}},"27":{"start":{"line":45,"column":22},"end":{"line":50,"column":5}},"28":{"start":{"line":52,"column":19},"end":{"line":52,"column":70}},"29":{"start":{"line":53,"column":4},"end":{"line":53,"column":92}},"30":{"start":{"line":55,"column":4},"end":{"line":55,"column":85}},"31":{"start":{"line":60,"column":21},"end":{"line":86,"column":1}},"32":{"start":{"line":61,"column":17},"end":{"line":61,"column":38}},"33":{"start":{"line":62,"column":2},"end":{"line":64,"column":3}},"34":{"start":{"line":63,"column":4},"end":{"line":63,"column":60}},"35":{"start":{"line":66,"column":2},"end":{"line":85,"column":3}},"36":{"start":{"line":67,"column":15},"end":{"line":67,"column":32}},"37":{"start":{"line":68,"column":24},"end":{"line":71,"column":5}},"38":{"start":{"line":73,"column":19},"end":{"line":76,"column":5}},"39":{"start":{"line":78,"column":4},"end":{"line":80,"column":5}},"40":{"start":{"line":79,"column":6},"end":{"line":79,"column":67}},"41":{"start":{"line":82,"column":4},"end":{"line":82,"column":69}},"42":{"start":{"line":84,"column":4},"end":{"line":84,"column":85}},"43":{"start":{"line":89,"column":21},"end":{"line":102,"column":1}},"44":{"start":{"line":90,"column":2},"end":{"line":101,"column":3}},"45":{"start":{"line":91,"column":15},"end":{"line":91,"column":32}},"46":{"start":{"line":92,"column":19},"end":{"line":92,"column":97}},"47":{"start":{"line":94,"column":4},"end":{"line":96,"column":5}},"48":{"start":{"line":95,"column":6},"end":{"line":95,"column":67}},"49":{"start":{"line":98,"column":4},"end":{"line":98,"column":69}},"50":{"start":{"line":100,"column":4},"end":{"line":100,"column":85}},"51":{"start":{"line":104,"column":0},"end":{"line":110,"column":2}}},"fnMap":{"0":{"name":"(anonymous_0)","decl":{"start":{"line":6,"column":22},"end":{"line":6,"column":23}},"loc":{"start":{"line":6,"column":42},"end":{"line":18,"column":1}},"line":6},"1":{"name":"(anonymous_1)","decl":{"start":{"line":21,"column":22},"end":{"line":21,"column":23}},"loc":{"start":{"line":21,"column":42},"end":{"line":34,"column":1}},"line":21},"2":{"name":"(anonymous_2)","decl":{"start":{"line":37,"column":21},"end":{"line":37,"column":22}},"loc":{"start":{"line":37,"column":41},"end":{"line":57,"column":1}},"line":37},"3":{"name":"(anonymous_3)","decl":{"start":{"line":60,"column":21},"end":{"line":60,"column":22}},"loc":{"start":{"line":60,"column":41},"end":{"line":86,"column":1}},"line":60},"4":{"name":"(anonymous_4)","decl":{"start":{"line":89,"column":21},"end":{"line":89,"column":22}},"loc":{"start":{"line":89,"column":41},"end":{"line":102,"column":1}},"line":89}},"branchMap":{"0":{"loc":{"start":{"line":26,"column":4},"end":{"line":28,"column":5}},"type":"if","locations":[{"start":{"line":26,"column":4},"end":{"line":28,"column":5}},{"start":{},"end":{}}],"line":26},"1":{"loc":{"start":{"line":39,"column":2},"end":{"line":41,"column":3}},"type":"if","locations":[{"start":{"line":39,"column":2},"end":{"line":41,"column":3}},{"start":{},"end":{}}],"line":39},"2":{"loc":{"start":{"line":47,"column":16},"end":{"line":47,"column":74}},"type":"cond-expr","locations":[{"start":{"line":47,"column":50},"end":{"line":47,"column":67}},{"start":{"line":47,"column":70},"end":{"line":47,"column":74}}],"line":47},"3":{"loc":{"start":{"line":62,"column":2},"end":{"line":64,"column":3}},"type":"if","locations":[{"start":{"line":62,"column":2},"end":{"line":64,"column":3}},{"start":{},"end":{}}],"line":62},"4":{"loc":{"start":{"line":78,"column":4},"end":{"line":80,"column":5}},"type":"if","locations":[{"start":{"line":78,"column":4},"end":{"line":80,"column":5}},{"start":{},"end":{}}],"line":78},"5":{"loc":{"start":{"line":94,"column":4},"end":{"line":96,"column":5}},"type":"if","locations":[{"start":{"line":94,"column":4},"end":{"line":96,"column":5}},{"start":{},"end":{}}],"line":94}},"s":{"0":1,"1":1,"2":1,"3":1,"4":1,"5":1,"6":1,"7":1,"8":1,"9":1,"10":1,"11":0,"12":0,"13":1,"14":0,"15":0,"16":0,"17":0,"18":0,"19":0,"20":0,"21":1,"22":0,"23":0,"24":0,"25":0,"26":0,"27":0,"28":0,"29":0,"30":0,"31":1,"32":0,"33":0,"34":0,"35":0,"36":0,"37":0,"38":0,"39":0,"40":0,"41":0,"42":0,"43":1,"44":0,"45":0,"46":0,"47":0,"48":0,"49":0,"50":0,"51":1},"f":{"0":1,"1":0,"2":0,"3":0,"4":0},"b":{"0":[0,0],"1":[0,0],"2":[0,0],"3":[0,0],"4":[0,0],"5":[0,0]},"_coverageSchema":"1a1c01bbd47fc00a2c39e90264f33305004495a9","hash":"8c0b556a75746f23150fbf04ab8e87bf8ed1a92e"}
,"C:\\Users\\eyobt\\Documents\\CSE341\\ek-salon-api\\controllers\\customersController.js": {"path":"C:\\Users\\eyobt\\Documents\\CSE341\\ek-salon-api\\controllers\\customersController.js","statementMap":{"0":{"start":{"line":1,"column":18},"end":{"line":1,"column":41}},"1":{"start":{"line":2,"column":21},"end":{"line":2,"column":39}},"2":{"start":{"line":3,"column":29},"end":{"line":3,"column":57}},"3":{"start":{"line":6,"column":24},"end":{"line":14,"column":1}},"4":{"start":{"line":7,"column":2},"end":{"line":13,"column":3}},"5":{"start":{"line":8,"column":15},"end":{"line":8,"column":32}},"6":{"start":{"line":9,"column":22},"end":{"line":9,"column":71}},"7":{"start":{"line":10,"column":4},"end":{"line":10,"column":36}},"8":{"start":{"line":12,"column":4},"end":{"line":12,"column":88}},"9":{"start":{"line":17,"column":24},"end":{"line":30,"column":1}},"10":{"start":{"line":18,"column":2},"end":{"line":29,"column":3}},"11":{"start":{"line":19,"column":15},"end":{"line":19,"column":32}},"12":{"start":{"line":20,"column":21},"end":{"line":20,"column":99}},"13":{"start":{"line":22,"column":4},"end":{"line":24,"column":5}},"14":{"start":{"line":23,"column":6},"end":{"line":23,"column":69}},"15":{"start":{"line":26,"column":4},"end":{"line":26,"column":35}},"16":{"start":{"line":28,"column":4},"end":{"line":28,"column":87}},"17":{"start":{"line":33,"column":23},"end":{"line":52,"column":1}},"18":{"start":{"line":34,"column":17},"end":{"line":34,"column":38}},"19":{"start":{"line":35,"column":2},"end":{"line":37,"column":3}},"20":{"start":{"line":36,"column":4},"end":{"line":36,"column":60}},"21":{"start":{"line":39,"column":2},"end":{"line":51,"column":3}},"22":{"start":{"line":40,"column":15},"end":{"line":40,"column":32}},"23":{"start":{"line":41,"column":24},"end":{"line":45,"column":5}},"24":{"start":{"line":47,"column":19},"end":{"line":47,"column":74}},"25":{"start":{"line":48,"column":4},"end":{"line":48,"column":94}},"26":{"start":{"line":50,"column":4},"end":{"line":50,"column":87}},"27":{"start":{"line":55,"column":23},"end":{"line":81,"column":1}},"28":{"start":{"line":56,"column":17},"end":{"line":56,"column":38}},"29":{"start":{"line":57,"column":2},"end":{"line":59,"column":3}},"30":{"start":{"line":58,"column":4},"end":{"line":58,"column":60}},"31":{"start":{"line":61,"column":2},"end":{"line":80,"column":3}},"32":{"start":{"line":62,"column":15},"end":{"line":62,"column":32}},"33":{"start":{"line":63,"column":24},"end":{"line":66,"column":5}},"34":{"start":{"line":68,"column":19},"end":{"line":71,"column":5}},"35":{"start":{"line":73,"column":4},"end":{"line":75,"column":5}},"36":{"start":{"line":74,"column":6},"end":{"line":74,"column":69}},"37":{"start":{"line":77,"column":4},"end":{"line":77,"column":71}},"38":{"start":{"line":79,"column":4},"end":{"line":79,"column":87}},"39":{"start":{"line":84,"column":23},"end":{"line":97,"column":1}},"40":{"start":{"line":85,"column":2},"end":{"line":96,"column":3}},"41":{"start":{"line":86,"column":15},"end":{"line":86,"column":32}},"42":{"start":{"line":87,"column":19},"end":{"line":87,"column":99}},"43":{"start":{"line":89,"column":4},"end":{"line":91,"column":5}},"44":{"start":{"line":90,"column":6},"end":{"line":90,"column":69}},"45":{"start":{"line":93,"column":4},"end":{"line":93,"column":71}},"46":{"start":{"line":95,"column":4},"end":{"line":95,"column":87}},"47":{"start":{"line":99,"column":0},"end":{"line":105,"column":2}}},"fnMap":{"0":{"name":"(anonymous_0)","decl":{"start":{"line":6,"column":24},"end":{"line":6,"column":25}},"loc":{"start":{"line":6,"column":44},"end":{"line":14,"column":1}},"line":6},"1":{"name":"(anonymous_1)","decl":{"start":{"line":17,"column":24},"end":{"line":17,"column":25}},"loc":{"start":{"line":17,"column":44},"end":{"line":30,"column":1}},"line":17},"2":{"name":"(anonymous_2)","decl":{"start":{"line":33,"column":23},"end":{"line":33,"column":24}},"loc":{"start":{"line":33,"column":43},"end":{"line":52,"column":1}},"line":33},"3":{"name":"(anonymous_3)","decl":{"start":{"line":55,"column":23},"end":{"line":55,"column":24}},"loc":{"start":{"line":55,"column":43},"end":{"line":81,"column":1}},"line":55},"4":{"name":"(anonymous_4)","decl":{"start":{"line":84,"column":23},"end":{"line":84,"column":24}},"loc":{"start":{"line":84,"column":43},"end":{"line":97,"column":1}},"line":84}},"branchMap":{"0":{"loc":{"start":{"line":22,"column":4},"end":{"line":24,"column":5}},"type":"if","locations":[{"start":{"line":22,"column":4},"end":{"line":24,"column":5}},{"start":{},"end":{}}],"line":22},"1":{"loc":{"start":{"line":35,"column":2},"end":{"line":37,"column":3}},"type":"if","locations":[{"start":{"line":35,"column":2},"end":{"line":37,"column":3}},{"start":{},"end":{}}],"line":35},"2":{"loc":{"start":{"line":57,"column":2},"end":{"line":59,"column":3}},"type":"if","locations":[{"start":{"line":57,"column":2},"end":{"line":59,"column":3}},{"start":{},"end":{}}],"line":57},"3":{"loc":{"start":{"line":73,"column":4},"end":{"line":75,"column":5}},"type":"if","locations":[{"start":{"line":73,"column":4},"end":{"line":75,"column":5}},{"start":{},"end":{}}],"line":73},"4":{"loc":{"start":{"line":89,"column":4},"end":{"line":91,"column":5}},"type":"if","locations":[{"start":{"line":89,"column":4},"end":{"line":91,"column":5}},{"start":{},"end":{}}],"line":89}},"s":{"0":1,"1":1,"2":1,"3":1,"4":1,"5":1,"6":1,"7":1,"8":0,"9":1,"10":0,"11":0,"12":0,"13":0,"14":0,"15":0,"16":0,"17":1,"18":0,"19":0,"20":0,"21":0,"22":0,"23":0,"24":0,"25":0,"26":0,"27":1,"28":0,"29":0,"30":0,"31":0,"32":0,"33":0,"34":0,"35":0,"36":0,"37":0,"38":0,"39":1,"40":0,"41":0,"42":0,"43":0,"44":0,"45":0,"46":0,"47":1},"f":{"0":1,"1":0,"2":0,"3":0,"4":0},"b":{"0":[0,0],"1":[0,0],"2":[0,0],"3":[0,0],"4":[0,0]},"_coverageSchema":"1a1c01bbd47fc00a2c39e90264f33305004495a9","hash":"634aca999b40047079685595c97c1a1a4f29f6f9"}
,"C:\\Users\\eyobt\\Documents\\CSE341\\ek-salon-api\\controllers\\servicesController.js": {"path":"C:\\Users\\eyobt\\Documents\\CSE341\\ek-salon-api\\controllers\\servicesController.js","statementMap":{"0":{"start":{"line":1,"column":18},"end":{"line":1,"column":41}},"1":{"start":{"line":2,"column":21},"end":{"line":2,"column":39}},"2":{"start":{"line":3,"column":29},"end":{"line":3,"column":57}},"3":{"start":{"line":6,"column":23},"end":{"line":14,"column":1}},"4":{"start":{"line":7,"column":2},"end":{"line":13,"column":3}},"5":{"start":{"line":8,"column":15},"end":{"line":8,"column":32}},"6":{"start":{"line":9,"column":21},"end":{"line":9,"column":69}},"7":{"start":{"line":10,"column":4},"end":{"line":10,"column":35}},"8":{"start":{"line":12,"column":4},"end":{"line":12,"column":87}},"9":{"start":{"line":17,"column":23},"end":{"line":30,"column":1}},"10":{"start":{"line":18,"column":2},"end":{"line":29,"column":3}},"11":{"start":{"line":19,"column":15},"end":{"line":19,"column":32}},"12":{"start":{"line":20,"column":20},"end":{"line":20,"column":97}},"13":{"start":{"line":22,"column":4},"end":{"line":24,"column":5}},"14":{"start":{"line":23,"column":6},"end":{"line":23,"column":68}},"15":{"start":{"line":26,"column":4},"end":{"line":26,"column":34}},"16":{"start":{"line":28,"column":4},"end":{"line":28,"column":86}},"17":{"start":{"line":33,"column":22},"end":{"line":53,"column":1}},"18":{"start":{"line":34,"column":17},"end":{"line":34,"column":38}},"19":{"start":{"line":35,"column":2},"end":{"line":37,"column":3}},"20":{"start":{"line":36,"column":4},"end":{"line":36,"column":60}},"21":{"start":{"line":39,"column":2},"end":{"line":52,"column":3}},"22":{"start":{"line":40,"column":15},"end":{"line":40,"column":32}},"23":{"start":{"line":41,"column":23},"end":{"line":46,"column":5}},"24":{"start":{"line":48,"column":19},"end":{"line":48,"column":72}},"25":{"start":{"line":49,"column":4},"end":{"line":49,"column":93}},"26":{"start":{"line":51,"column":4},"end":{"line":51,"column":86}},"27":{"start":{"line":56,"column":22},"end":{"line":82,"column":1}},"28":{"start":{"line":57,"column":17},"end":{"line":57,"column":38}},"29":{"start":{"line":58,"column":2},"end":{"line":60,"column":3}},"30":{"start":{"line":59,"column":4},"end":{"line":59,"column":60}},"31":{"start":{"line":62,"column":2},"end":{"line":81,"column":3}},"32":{"start":{"line":63,"column":15},"end":{"line":63,"column":32}},"33":{"start":{"line":64,"column":24},"end":{"line":67,"column":5}},"34":{"start":{"line":69,"column":19},"end":{"line":72,"column":5}},"35":{"start":{"line":74,"column":4},"end":{"line":76,"column":5}},"36":{"start":{"line":75,"column":6},"end":{"line":75,"column":68}},"37":{"start":{"line":78,"column":4},"end":{"line":78,"column":70}},"38":{"start":{"line":80,"column":4},"end":{"line":80,"column":86}},"39":{"start":{"line":85,"column":22},"end":{"line":98,"column":1}},"40":{"start":{"line":86,"column":2},"end":{"line":97,"column":3}},"41":{"start":{"line":87,"column":15},"end":{"line":87,"column":32}},"42":{"start":{"line":88,"column":19},"end":{"line":88,"column":98}},"43":{"start":{"line":90,"column":4},"end":{"line":92,"column":5}},"44":{"start":{"line":91,"column":6},"end":{"line":91,"column":68}},"45":{"start":{"line":94,"column":4},"end":{"line":94,"column":70}},"46":{"start":{"line":96,"column":4},"end":{"line":96,"column":86}},"47":{"start":{"line":100,"column":0},"end":{"line":106,"column":2}}},"fnMap":{"0":{"name":"(anonymous_0)","decl":{"start":{"line":6,"column":23},"end":{"line":6,"column":24}},"loc":{"start":{"line":6,"column":43},"end":{"line":14,"column":1}},"line":6},"1":{"name":"(anonymous_1)","decl":{"start":{"line":17,"column":23},"end":{"line":17,"column":24}},"loc":{"start":{"line":17,"column":43},"end":{"line":30,"column":1}},"line":17},"2":{"name":"(anonymous_2)","decl":{"start":{"line":33,"column":22},"end":{"line":33,"column":23}},"loc":{"start":{"line":33,"column":42},"end":{"line":53,"column":1}},"line":33},"3":{"name":"(anonymous_3)","decl":{"start":{"line":56,"column":22},"end":{"line":56,"column":23}},"loc":{"start":{"line":56,"column":42},"end":{"line":82,"column":1}},"line":56},"4":{"name":"(anonymous_4)","decl":{"start":{"line":85,"column":22},"end":{"line":85,"column":23}},"loc":{"start":{"line":85,"column":42},"end":{"line":98,"column":1}},"line":85}},"branchMap":{"0":{"loc":{"start":{"line":22,"column":4},"end":{"line":24,"column":5}},"type":"if","locations":[{"start":{"line":22,"column":4},"end":{"line":24,"column":5}},{"start":{},"end":{}}],"line":22},"1":{"loc":{"start":{"line":35,"column":2},"end":{"line":37,"column":3}},"type":"if","locations":[{"start":{"line":35,"column":2},"end":{"line":37,"column":3}},{"start":{},"end":{}}],"line":35},"2":{"loc":{"start":{"line":43,"column":16},"end":{"line":43,"column":74}},"type":"cond-expr","locations":[{"start":{"line":43,"column":50},"end":{"line":43,"column":67}},{"start":{"line":43,"column":70},"end":{"line":43,"column":74}}],"line":43},"3":{"loc":{"start":{"line":58,"column":2},"end":{"line":60,"column":3}},"type":"if","locations":[{"start":{"line":58,"column":2},"end":{"line":60,"column":3}},{"start":{},"end":{}}],"line":58},"4":{"loc":{"start":{"line":74,"column":4},"end":{"line":76,"column":5}},"type":"if","locations":[{"start":{"line":74,"column":4},"end":{"line":76,"column":5}},{"start":{},"end":{}}],"line":74},"5":{"loc":{"start":{"line":90,"column":4},"end":{"line":92,"column":5}},"type":"if","locations":[{"start":{"line":90,"column":4},"end":{"line":92,"column":5}},{"start":{},"end":{}}],"line":90}},"s":{"0":1,"1":1,"2":1,"3":1,"4":1,"5":1,"6":1,"7":1,"8":0,"9":1,"10":0,"11":0,"12":0,"13":0,"14":0,"15":0,"16":0,"17":1,"18":0,"19":0,"20":0,"21":0,"22":0,"23":0,"24":0,"25":0,"26":0,"27":1,"28":0,"29":0,"30":0,"31":0,"32":0,"33":0,"34":0,"35":0,"36":0,"37":0,"38":0,"39":1,"40":0,"41":0,"42":0,"43":0,"44":0,"45":0,"46":0,"47":1},"f":{"0":1,"1":0,"2":0,"3":0,"4":0},"b":{"0":[0,0],"1":[0,0],"2":[0,0],"3":[0,0],"4":[0,0],"5":[0,0]},"_coverageSchema":"1a1c01bbd47fc00a2c39e90264f33305004495a9","hash":"9ea17ca7795e9f4435c58a8098e4904a81603b51"}
,"C:\\Users\\eyobt\\Documents\\CSE341\\ek-salon-api\\middleware\\auth.js": {"path":"C:\\Users\\eyobt\\Documents\\CSE341\\ek-salon-api\\middleware\\auth.js","statementMap":{"0":{"start":{"line":1,"column":24},"end":{"line":6,"column":1}},"1":{"start":{"line":2,"column":2},"end":{"line":4,"column":3}},"2":{"start":{"line":3,"column":4},"end":{"line":3,"column":18}},"3":{"start":{"line":5,"column":2},"end":{"line":5,"column":77}},"4":{"start":{"line":8,"column":0},"end":{"line":8,"column":37}}},"fnMap":{"0":{"name":"(anonymous_0)","decl":{"start":{"line":1,"column":24},"end":{"line":1,"column":25}},"loc":{"start":{"line":1,"column":44},"end":{"line":6,"column":1}},"line":1}},"branchMap":{"0":{"loc":{"start":{"line":2,"column":2},"end":{"line":4,"column":3}},"type":"if","locations":[{"start":{"line":2,"column":2},"end":{"line":4,"column":3}},{"start":{},"end":{}}],"line":2}},"s":{"0":1,"1":5,"2":0,"3":5,"4":1},"f":{"0":5},"b":{"0":[0,5]},"_coverageSchema":"1a1c01bbd47fc00a2c39e90264f33305004495a9","hash":"a88372a963071163bece8aa61db2db1176df9c81"}
,"C:\\Users\\eyobt\\Documents\\CSE341\\ek-salon-api\\routes\\appointments.js": {"path":"C:\\Users\\eyobt\\Documents\\CSE341\\ek-salon-api\\routes\\appointments.js","statementMap":{"0":{"start":{"line":1,"column":16},"end":{"line":1,"column":34}},"1":{"start":{"line":2,"column":15},"end":{"line":2,"column":31}},"2":{"start":{"line":3,"column":31},"end":{"line":3,"column":79}},"3":{"start":{"line":4,"column":32},"end":{"line":4,"column":78}},"4":{"start":{"line":5,"column":28},"end":{"line":5,"column":57}},"5":{"start":{"line":23,"column":0},"end":{"line":23,"column":59}},"6":{"start":{"line":41,"column":0},"end":{"line":41,"column":62}},"7":{"start":{"line":51,"column":0},"end":{"line":51,"column":97}},"8":{"start":{"line":61,"column":0},"end":{"line":61,"column":99}},"9":{"start":{"line":64,"column":0},"end":{"line":64,"column":81}},"10":{"start":{"line":66,"column":0},"end":{"line":66,"column":24}}},"fnMap":{},"branchMap":{},"s":{"0":1,"1":1,"2":1,"3":1,"4":1,"5":1,"6":1,"7":1,"8":1,"9":1,"10":1},"f":{},"b":{},"_coverageSchema":"1a1c01bbd47fc00a2c39e90264f33305004495a9","hash":"7cf4a7dccbf7cac41879908ee1139327aeee7850"}
,"C:\\Users\\eyobt\\Documents\\CSE341\\ek-salon-api\\routes\\auth.js": {"path":"C:\\Users\\eyobt\\Documents\\CSE341\\ek-salon-api\\routes\\auth.js","statementMap":{"0":{"start":{"line":1,"column":16},"end":{"line":1,"column":34}},"1":{"start":{"line":2,"column":15},"end":{"line":2,"column":31}},"2":{"start":{"line":3,"column":17},"end":{"line":3,"column":46}},"3":{"start":{"line":7,"column":0},"end":{"line":7,"column":82}},"4":{"start":{"line":11,"column":0},"end":{"line":18,"column":2}},"5":{"start":{"line":16,"column":4},"end":{"line":16,"column":30}},"6":{"start":{"line":22,"column":0},"end":{"line":29,"column":3}},"7":{"start":{"line":23,"column":2},"end":{"line":28,"column":5}},"8":{"start":{"line":24,"column":4},"end":{"line":26,"column":5}},"9":{"start":{"line":25,"column":6},"end":{"line":25,"column":62}},"10":{"start":{"line":27,"column":4},"end":{"line":27,"column":30}},"11":{"start":{"line":33,"column":0},"end":{"line":46,"column":3}},"12":{"start":{"line":34,"column":2},"end":{"line":45,"column":3}},"13":{"start":{"line":35,"column":4},"end":{"line":42,"column":7}},"14":{"start":{"line":44,"column":4},"end":{"line":44,"column":39}},"15":{"start":{"line":48,"column":0},"end":{"line":48,"column":24}}},"fnMap":{"0":{"name":"(anonymous_0)","decl":{"start":{"line":14,"column":2},"end":{"line":14,"column":3}},"loc":{"start":{"line":14,"column":16},"end":{"line":17,"column":3}},"line":14},"1":{"name":"(anonymous_1)","decl":{"start":{"line":22,"column":22},"end":{"line":22,"column":23}},"loc":{"start":{"line":22,"column":36},"end":{"line":29,"column":1}},"line":22},"2":{"name":"(anonymous_2)","decl":{"start":{"line":23,"column":13},"end":{"line":23,"column":14}},"loc":{"start":{"line":23,"column":22},"end":{"line":28,"column":3}},"line":23},"3":{"name":"(anonymous_3)","decl":{"start":{"line":33,"column":22},"end":{"line":33,"column":23}},"loc":{"start":{"line":33,"column":36},"end":{"line":46,"column":1}},"line":33}},"branchMap":{"0":{"loc":{"start":{"line":24,"column":4},"end":{"line":26,"column":5}},"type":"if","locations":[{"start":{"line":24,"column":4},"end":{"line":26,"column":5}},{"start":{},"end":{}}],"line":24},"1":{"loc":{"start":{"line":34,"column":2},"end":{"line":45,"column":3}},"type":"if","locations":[{"start":{"line":34,"column":2},"end":{"line":45,"column":3}},{"start":{"line":43,"column":9},"end":{"line":45,"column":3}}],"line":34}},"s":{"0":1,"1":1,"2":1,"3":1,"4":1,"5":0,"6":1,"7":0,"8":0,"9":0,"10":0,"11":1,"12":1,"13":0,"14":1,"15":1},"f":{"0":0,"1":0,"2":0,"3":1},"b":{"0":[0,0],"1":[0,1]},"_coverageSchema":"1a1c01bbd47fc00a2c39e90264f33305004495a9","hash":"17c5c81f0eb1708d95e0b22970c7ac4548cda3ee"}
,"C:\\Users\\eyobt\\Documents\\CSE341\\ek-salon-api\\routes\\barbers.js": {"path":"C:\\Users\\eyobt\\Documents\\CSE341\\ek-salon-api\\routes\\barbers.js","statementMap":{"0":{"start":{"line":1,"column":16},"end":{"line":1,"column":34}},"1":{"start":{"line":2,"column":15},"end":{"line":2,"column":31}},"2":{"start":{"line":3,"column":26},"end":{"line":3,"column":69}},"3":{"start":{"line":4,"column":27},"end":{"line":4,"column":68}},"4":{"start":{"line":5,"column":28},"end":{"line":5,"column":57}},"5":{"start":{"line":30,"column":0},"end":{"line":30,"column":49}},"6":{"start":{"line":55,"column":0},"end":{"line":55,"column":52}},"7":{"start":{"line":65,"column":0},"end":{"line":65,"column":82}},"8":{"start":{"line":75,"column":0},"end":{"line":75,"column":84}},"9":{"start":{"line":78,"column":0},"end":{"line":78,"column":71}},"10":{"start":{"line":80,"column":0},"end":{"line":80,"column":24}}},"fnMap":{},"branchMap":{},"s":{"0":1,"1":1,"2":1,"3":1,"4":1,"5":1,"6":1,"7":1,"8":1,"9":1,"10":1},"f":{},"b":{},"_coverageSchema":"1a1c01bbd47fc00a2c39e90264f33305004495a9","hash":"67b408dc60ba884d9008bf21e2233eba371d7332"}
,"C:\\Users\\eyobt\\Documents\\CSE341\\ek-salon-api\\routes\\customers.js": {"path":"C:\\Users\\eyobt\\Documents\\CSE341\\ek-salon-api\\routes\\customers.js","statementMap":{"0":{"start":{"line":1,"column":16},"end":{"line":1,"column":34}},"1":{"start":{"line":2,"column":15},"end":{"line":2,"column":31}},"2":{"start":{"line":3,"column":28},"end":{"line":3,"column":73}},"3":{"start":{"line":4,"column":29},"end":{"line":4,"column":72}},"4":{"start":{"line":5,"column":28},"end":{"line":5,"column":57}},"5":{"start":{"line":8,"column":0},"end":{"line":8,"column":53}},"6":{"start":{"line":11,"column":0},"end":{"line":11,"column":56}},"7":{"start":{"line":20,"column":0},"end":{"line":20,"column":88}},"8":{"start":{"line":29,"column":0},"end":{"line":29,"column":90}},"9":{"start":{"line":32,"column":0},"end":{"line":32,"column":75}},"10":{"start":{"line":34,"column":0},"end":{"line":34,"column":24}}},"fnMap":{},"branchMap":{},"s":{"0":1,"1":1,"2":1,"3":1,"4":1,"5":1,"6":1,"7":1,"8":1,"9":1,"10":1},"f":{},"b":{},"_coverageSchema":"1a1c01bbd47fc00a2c39e90264f33305004495a9","hash":"c675004982792ce4cdab8b19eb87462fb5d20b15"}
,"C:\\Users\\eyobt\\Documents\\CSE341\\ek-salon-api\\routes\\services.js": {"path":"C:\\Users\\eyobt\\Documents\\CSE341\\ek-salon-api\\routes\\services.js","statementMap":{"0":{"start":{"line":1,"column":16},"end":{"line":1,"column":34}},"1":{"start":{"line":2,"column":15},"end":{"line":2,"column":31}},"2":{"start":{"line":3,"column":27},"end":{"line":3,"column":71}},"3":{"start":{"line":4,"column":28},"end":{"line":4,"column":70}},"4":{"start":{"line":5,"column":28},"end":{"line":5,"column":57}},"5":{"start":{"line":8,"column":0},"end":{"line":8,"column":51}},"6":{"start":{"line":11,"column":0},"end":{"line":11,"column":54}},"7":{"start":{"line":20,"column":0},"end":{"line":20,"column":85}},"8":{"start":{"line":29,"column":0},"end":{"line":29,"column":87}},"9":{"start":{"line":32,"column":0},"end":{"line":32,"column":73}},"10":{"start":{"line":34,"column":0},"end":{"line":34,"column":24}}},"fnMap":{},"branchMap":{},"s":{"0":1,"1":1,"2":1,"3":1,"4":1,"5":1,"6":1,"7":1,"8":1,"9":1,"10":1},"f":{},"b":{},"_coverageSchema":"1a1c01bbd47fc00a2c39e90264f33305004495a9","hash":"b7786210682de6cffffcd83520fd4aec83676f34"}
}
